Using pre-set license

 COMMAND LINE ARGUMENTS:
/Applications/Unity/Hub/Editor/2020.3.12f1/Unity.app/Contents/MacOS/Unity
-adb2
-batchMode
-noUpm
-name
AssetImportWorker0
-projectPath
/Users/gabrielfernandes/www/multimidia/The Baker Knight Rises
-logFile
Logs/AssetImportWorker0.log
-srvPort
51821
Successfully changed project path to: /Users/gabrielfernandes/www/multimidia/The Baker Knight Rises
/Users/gabrielfernandes/www/multimidia/The Baker Knight Rises
Using Asset Import Pipeline V2.
Refreshing native plugins compatible for Editor in 66.67 ms, found 3 plugins.
Preloading 0 native plugins for Editor in 0.00 ms.
Initialize engine version: 2020.3.12f1 (b3b2c6512326)
[Subsystems] Discovering subsystems at path /Applications/Unity/Hub/Editor/2020.3.12f1/Unity.app/Contents/Resources/UnitySubsystems
[Subsystems] Discovering subsystems at path /Users/gabrielfernandes/www/multimidia/The Baker Knight Rises/Assets
GfxDevice: creating device client; threaded=0
2021-07-22 22:22:14.578 Unity[3658:317967] Color LCD preferred device: Intel(R) Iris(TM) Graphics 6000 (low power)
2021-07-22 22:22:14.578 Unity[3658:317967] Metal devices available: 1
2021-07-22 22:22:14.578 Unity[3658:317967] 0: Intel(R) Iris(TM) Graphics 6000 (low power)
2021-07-22 22:22:14.578 Unity[3658:317967] Using device Intel(R) Iris(TM) Graphics 6000 (low power)
Initializing Metal device caps: Intel(R) Iris(TM) Graphics 6000
Initialize mono
Mono path[0] = '/Applications/Unity/Hub/Editor/2020.3.12f1/Unity.app/Contents/Managed'
Mono path[1] = '/Applications/Unity/Hub/Editor/2020.3.12f1/Unity.app/Contents/MonoBleedingEdge/lib/mono/unityjit'
Mono config path = '/Applications/Unity/Hub/Editor/2020.3.12f1/Unity.app/Contents/MonoBleedingEdge/etc'
Using monoOptions --debugger-agent=transport=dt_socket,embedding=1,server=y,suspend=n,address=127.0.0.1:56658
Begin MonoManager ReloadAssembly
Registering precompiled unity dll's ...
Register platform support module: /Applications/Unity/Hub/Editor/2020.3.12f1/PlaybackEngines/WebGLSupport/UnityEditor.WebGL.Extensions.dll
Register platform support module: /Applications/Unity/Hub/Editor/2020.3.12f1/Unity.app/Contents/PlaybackEngines/MacStandaloneSupport/UnityEditor.OSXStandalone.Extensions.dll
Registered in 0.001632 seconds.
Native extension for OSXStandalone target not found
Native extension for WebGL target not found
Refreshing native plugins compatible for Editor in 96.66 ms, found 3 plugins.
Preloading 0 native plugins for Editor in 0.00 ms.
Mono: successfully reloaded assembly
- Completed reload, in  3.234 seconds
Platform modules already initialized, skipping
Registering precompiled user dll's ...
Registered in 0.006295 seconds.
Begin MonoManager ReloadAssembly
Native extension for OSXStandalone target not found
Native extension for WebGL target not found
Refreshing native plugins compatible for Editor in 66.89 ms, found 3 plugins.
Preloading 0 native plugins for Editor in 0.00 ms.
Mono: successfully reloaded assembly
- Completed reload, in  3.241 seconds
Platform modules already initialized, skipping
========================================================================
Worker process is ready to serve import requests
Launching external process: /Applications/Unity/Hub/Editor/2020.3.12f1/Unity.app/Contents/Tools/UnityShaderCompiler
Launched and connected shader compiler UnityShaderCompiler after 0.03 seconds
Refreshing native plugins compatible for Editor in 0.50 ms, found 3 plugins.
Preloading 0 native plugins for Editor in 0.00 ms.
Unloading 2080 Unused Serialized files (Serialized files now loaded: 0)
System memory in use before: 169.0 MB.
System memory in use after: 168.9 MB.

Unloading 33 unused Assets to reduce memory usage. Loaded Objects now: 2513.
Total: 5.619885 ms (FindLiveObjects: 0.542884 ms CreateObjectMapping: 0.239404 ms MarkObjects: 4.572141 ms  DeleteObjects: 0.263293 ms)

AssetImportParameters requested are different than current active one (requested -> active):
  custom:video-decoder-ogg-theora: a1e56fd34408186e4bbccfd4996cb3dc -> 
  custom:container-muxer-webm: aa71ff27fc2769a1b78a27578f13a17b -> 
  custom:container-demuxer-webm: 4f35f7cbe854078d1ac9338744f61a02 -> 
  custom:container-demuxer-ogg: 62fdf1f143b41e24485cea50d1cbac27 -> 
  custom:video-encoder-webm-vp8: eb34c28f22e8b96e1ab97ce403110664 -> 
  custom:framework-osx-AVFoundation: e770b220cccbd017edd2c1fefb359320 -> 
  custom:video-decoder-webm-vp8: 9c59270c3fd7afecdb556c50c9e8de78 -> 
  custom:audio-decoder-ogg-vorbis: bf7c407c2cedff20999df2af8eb42d56 -> 
  custom:audio-encoder-webm-vorbis: bf7c407c2cedff20999df2af8eb42d56 -> 
========================================================================
Received Import Request.
  path: Assets/Scenes/SampleScene.unity
  artifactKey: Guid(2cda990e2423bbf4892e6590ba056729) Importer(815301076,1909f56bfc062723c751e8b465ee728b)
Start importing Assets/Scenes/SampleScene.unity using Guid(2cda990e2423bbf4892e6590ba056729) Importer(815301076,1909f56bfc062723c751e8b465ee728b)  -> (artifact id: 'aa27944bdea339c97c39027c7eea529c') in 0.018582 seconds 
  Import took 0.024982 seconds .

========================================================================
Received Import Request.
  Time since last request: 0.000370 seconds.
  path: Assets/Scenes
  artifactKey: Guid(e8244b139894d4ba78fb0232fd58e161) Importer(815301076,1909f56bfc062723c751e8b465ee728b)
Start importing Assets/Scenes using Guid(e8244b139894d4ba78fb0232fd58e161) Importer(815301076,1909f56bfc062723c751e8b465ee728b)  -> (artifact id: '4e10de686114712d7d618f7fa7c790b3') in 0.002043 seconds 
  Import took 0.006750 seconds .

